<?xml version="1.0" encoding="UTF-8"?>
<!-- Generated by org.testng.reporters.JUnitXMLReporter -->
<testsuite ignored="0" hostname="IN3338598W1" failures="0" tests="4" name="Test" time="3.21" errors="0" timestamp="2022-08-26T10:44:00 IST">
  <testcase classname="sampleProjPack.addBook" name="book" time="2.413"/>
  <testcase classname="sampleProjPack.addBook" name="checkResponsetime" time="0.001"/>
  <testcase classname="sampleProjPack.sampleTest" name="checkCode" time="0.403"/>
  <testcase classname="sampleProjPack.sampleTest" name="testo" time="0.351"/>
</testsuite> <!-- Test -->
