<?xml version="1.0" encoding="UTF-8"?>
<!-- Generated by org.testng.reporters.JUnitXMLReporter -->
<testsuite ignored="0" hostname="IN3338598W1" failures="0" tests="4" name="Test" time="3.099" errors="0" timestamp="2022-08-26T10:56:06 IST">
  <testcase classname="sampleProjPack.addBook" name="book" time="2.368"/>
  <testcase classname="sampleProjPack.addBook" name="checkResponsetime" time="0.0"/>
  <testcase classname="sampleProjPack.sampleTest" name="checkCode" time="0.393"/>
  <testcase classname="sampleProjPack.sampleTest" name="testo" time="0.299"/>
</testsuite> <!-- Test -->
