<?xml version="1.0" encoding="UTF-8"?>
<testsuite xmlns:xsi="http://www.w3.org/2001/XMLSchema-instance" xsi:noNamespaceSchemaLocation="https://maven.apache.org/surefire/maven-surefire-plugin/xsd/surefire-test-report-3.0.xsd" version="3.0" name="TestSuite" time="3.651" tests="4" errors="0" skipped="0" failures="0">
  <properties>
[...]
</properties>
  <testcase name="book" classname="sampleProjPack.addBook" time="2.369">
    <system-out><![CDATA[HTTP/1.1 200 OK
Date: Fri, 26 Aug 2022 05:26:05 GMT
Server: Apache/2.4.41 (Ubuntu)
Access-Control-Allow-Origin: *
Access-Control-Allow-Methods: POST
Access-Control-Max-Age: 3600
Access-Control-Allow-Headers: Content-Type, Access-Control-Allow-Headers, Authorization, X-Requested-With
Content-Length: 85
Keep-Alive: timeout=5, max=100
Connection: Keep-Alive
Content-Type: application/json;charset=UTF-8

{
    "Msg": "The Book with the entered Isbn and Aisle already Exists!!",
    "ID": "bcdhh9h227"
}
]]></system-out>
    <system-err><![CDATA[SLF4J: Failed to load class "org.slf4j.impl.StaticLoggerBinder".
SLF4J: Defaulting to no-operation (NOP) logger implementation
SLF4J: See http://www.slf4j.org/codes.html#StaticLoggerBinder for further details.
]]></system-err>
  </testcase>
  <testcase name="checkResponsetime" classname="sampleProjPack.addBook" time="0"/>
  <testcase name="checkCode" classname="sampleProjPack.sampleTest" time="0.394">
    <system-out><![CDATA[Request method:	GET
Request URI:	https://rahulshettyacademy.com/Library/GetBook.php?ID=3389
Proxy:			<none>
Request params:	<none>
Query params:	ID=3389
Form params:	<none>
Path params:	<none>
Headers:		Accept=*/*
Cookies:		<none>
Multiparts:		<none>
Body:			<none>
HTTP/1.1 200 OK
Date: Fri, 26 Aug 2022 05:26:06 GMT
Server: Apache/2.4.41 (Ubuntu)
Access-Control-Allow-Origin: *
Access-Control-Allow-Methods: POST
Access-Control-Max-Age: 3600
Access-Control-Allow-Headers: Content-Type, Access-Control-Allow-Headers, Authorization, X-Requested-With
Content-Length: 102
Keep-Alive: timeout=5, max=99
Connection: Keep-Alive
Content-Type: application/json;charset=UTF-8

[
    {
        "book_name": "Learn Appium Automation with Java",
        "isbn": "33",
        "aisle": "89",
        "author": "Kiran Chandran"
    }
]
]]></system-out>
  </testcase>
  <testcase name="testo" classname="sampleProjPack.sampleTest" time="0.3">
    <system-out><![CDATA[Request method:	GET
Request URI:	https://rahulshettyacademy.com/Library/GetBook.php?AuthorName=rahulshetty
Proxy:			<none>
Request params:	<none>
Query params:	AuthorName=rahulshetty
Form params:	<none>
Path params:	<none>
Headers:		Accept=*/*
Cookies:		<none>
Multiparts:		<none>
Body:			<none>
HTTP/1.1 200 OK
Date: Fri, 26 Aug 2022 05:26:06 GMT
Server: Apache/2.4.41 (Ubuntu)
Access-Control-Allow-Origin: *
Access-Control-Allow-Methods: POST
Access-Control-Max-Age: 3600
Access-Control-Allow-Headers: Content-Type, Access-Control-Allow-Headers, Authorization, X-Requested-With
Content-Length: 3611
Keep-Alive: timeout=5, max=98
Connection: Keep-Alive
Content-Type: application/json;charset=UTF-8

[
    {
        "book_name": "RobotFramework",
        "isbn": "984353",
        "aisle": "982053"
    },
    {
        "book_name": "RobotFramework",
        "isbn": "144353",
        "aisle": "982053"
    },
    {
        "book_name": "RobotFramework",
        "isbn": "122353",
        "aisle": "982053"
    },
    {
        "book_name": "RobotFramework",
        "isbn": "121353",
        "aisle": "982053"
    },
    {
        "book_name": "RobotFramework",
        "isbn": "121453",
        "aisle": "982053"
    },
    {
        "book_name": "RobotFramework",
        "isbn": "121456",
        "aisle": "982053"
    },
    {
        "book_name": "RobotFramework",
        "isbn": "121856",
        "aisle": "982053"
    },
    {
        "book_name": "RobotFramework",
        "isbn": "121856",
        "aisle": "992053"
    },
    {
        "book_name": "apitesting",
        "isbn": "982053",
        "aisle": "324353"
    },
    {
        "book_name": "robotframework",
        "isbn": "981053",
        "aisle": "321353"
    },
    {
        "book_name": "robotframework",
        "isbn": "981083",
        "aisle": "321359"
    },
    {
        "book_name": "robotframework",
        "isbn": "981081",
        "aisle": "321352"
    },
    {
        "book_name": "robotframework",
        "isbn": "981082",
        "aisle": "321353"
    },
    {
        "book_name": "robotframework",
        "isbn": "9810810",
        "aisle": "321325"
    },
    {
        "book_name": "robotframework",
        "isbn": "981",
        "aisle": "321"
    },
    {
        "book_name": "robotframework",
        "isbn": "983",
        "aisle": "331"
    },
    {
        "book_name": "robotframework",
        "isbn": "9789",
        "aisle": "1"
    },
    {
        "book_name": "robotframework",
        "isbn": "2",
        "aisle": "3"
    },
    {
        "book_name": "RobotFramework",
        "isbn": "3",
        "aisle": "4"
    },
    {
        "book_name": "RobotFramework",
        "isbn": "4",
        "aisle": "5"
    },
    {
        "book_name": "RobotFramework",
        "isbn": "9852",
        "aisle": "324353"
    },
    {
        "book_name": "Hello",
        "isbn": "947303",
        "aisle": "324534"
    },
    {
        "book_name": "RobotFramework",
        "isbn": "983456",
        "aisle": "654546"
    },
    {
        "book_name": "RobotFramework",
        "isbn": "983456",
        "aisle": "634546"
    },
    {
        "book_name": "RobotFramework",
        "isbn": "983456",
        "aisle": "632646"
    },
    {
        "book_name": "RobotFramework",
        "isbn": "983456",
        "aisle": "632846"
    },
    {
        "book_name": "RobotFramework",
        "isbn": "983456",
        "aisle": "732846"
    },
    {
        "book_name": "RobotFramework",
        "isbn": "984366",
        "aisle": "324353"
    },
    {
        "book_name": "RobotFramework",
        "isbn": "985466",
        "aisle": "324353"
    },
    {
        "book_name": "postman",
        "isbn": "RS83",
        "aisle": "234"
    },
    {
        "book_name": "RobotFramework",
        "isbn": "98787",
        "aisle": "76763"
    },
    {
        "book_name": "Learn Appium Automation with Java1",
        "isbn": "RS415",
        "aisle": "872988"
    },
    {
        "book_name": "Learn Appium Automation with Java1",
        "isbn": "RS700",
        "aisle": "872988"
    },
    {
        "book_name": "Learn Appium Automation with Java1",
        "isbn": "RS611",
        "aisle": "872988"
    },
    {
        "book_name": "RobotFramework",
        "isbn": "94556",
        "aisle": "34432"
    },
    {
        "book_name": "RobotFramework",
        "isbn": "5678",
        "aisle": "5789"
    },
    {
        "book_name": "RobotFramework",
        "isbn": "5978",
        "aisle": "5789"
    },
    {
        "book_name": "RobotFramework",
        "isbn": "5978",
        "aisle": "5889"
    },
    {
        "book_name": "RobotFramework",
        "isbn": "59789",
        "aisle": "5889"
    },
    {
        "book_name": "RobotFramework",
        "isbn": "597896",
        "aisle": "5889"
    },
    {
        "book_name": "RobotFramework",
        "isbn": "597897",
        "aisle": "5889"
    },
    {
        "book_name": "RobotFramework",
        "isbn": "5978727",
        "aisle": "5889"
    },
    {
        "book_name": "RobotFramework",
        "isbn": "94557",
        "aisle": "34432"
    },
    {
        "book_name": "RobotFramework",
        "isbn": "94558",
        "aisle": "34432"
    },
    {
        "book_name": "RobotFramework",
        "isbn": "94559",
        "aisle": "34432"
    },
    {
        "book_name": "RobotFramework",
        "isbn": "94566",
        "aisle": "34432"
    },
    {
        "book_name": "RobotFramework",
        "isbn": "94569",
        "aisle": "34437"
    },
    {
        "book_name": "RobotFramework",
        "isbn": "94570",
        "aisle": "34445"
    },
    {
        "book_name": "RobotFramework",
        "isbn": "945733",
        "aisle": "344452"
    },
    {
        "book_name": "RobotFramework",
        "isbn": "945766",
        "aisle": "344464"
    },
    {
        "book_name": "RobotFramework",
        "isbn": "945",
        "aisle": "344"
    },
    {
        "book_name": "RobotFramework",
        "isbn": "946",
        "aisle": "345"
    },
    {
        "book_name": "RobotFramework",
        "isbn": "946",
        "aisle": "347"
    },
    {
        "book_name": "RobotFramework",
        "isbn": "946",
        "aisle": "349"
    },
    {
        "book_name": "RobotFramework",
        "isbn": "948",
        "aisle": "349"
    },
    {
        "book_name": "RobotFramework",
        "isbn": "948",
        "aisle": "377"
    },
    {
        "book_name": "RobotFramework",
        "isbn": "948",
        "aisle": "388"
    },
    {
        "book_name": "RobotFramework",
        "isbn": "948",
        "aisle": "399"
    }
]
]]></system-out>
  </testcase>
</testsuite>