<?xml version="1.0" encoding="UTF-8"?>
<testng-results ignored="0" total="4" passed="4" failed="0" skipped="0">
  <reporter-output>
  </reporter-output>
  <suite started-at="2022-08-26T10:43:57 IST" name="Suite" finished-at="2022-08-26T10:44:00 IST" duration-ms="3210">
    <groups>
    </groups>
    <test started-at="2022-08-26T10:43:57 IST" name="Test" finished-at="2022-08-26T10:44:00 IST" duration-ms="3210">
      <class name="sampleProjPack.sampleTest">
        <test-method signature="checkCode()[pri:0, instance:sampleProjPack.sampleTest@73e22a3d]" started-at="2022-08-26T10:44:00 IST" name="checkCode" finished-at="2022-08-26T10:44:00 IST" duration-ms="403" status="PASS">
          <reporter-output>
          </reporter-output>
        </test-method> <!-- checkCode -->
        <test-method signature="testo()[pri:0, instance:sampleProjPack.sampleTest@73e22a3d]" started-at="2022-08-26T10:44:00 IST" name="testo" finished-at="2022-08-26T10:44:00 IST" duration-ms="351" status="PASS">
          <reporter-output>
          </reporter-output>
        </test-method> <!-- testo -->
      </class> <!-- sampleProjPack.sampleTest -->
      <class name="sampleProjPack.addBook">
        <test-method signature="book()[pri:0, instance:sampleProjPack.addBook@fba92d3]" started-at="2022-08-26T10:43:57 IST" name="book" finished-at="2022-08-26T10:44:00 IST" duration-ms="2413" status="PASS">
          <reporter-output>
          </reporter-output>
        </test-method> <!-- book -->
        <test-method signature="checkResponsetime()[pri:0, instance:sampleProjPack.addBook@fba92d3]" started-at="2022-08-26T10:44:00 IST" name="checkResponsetime" finished-at="2022-08-26T10:44:00 IST" duration-ms="1" status="PASS">
          <reporter-output>
          </reporter-output>
        </test-method> <!-- checkResponsetime -->
      </class> <!-- sampleProjPack.addBook -->
    </test> <!-- Test -->
  </suite> <!-- Suite -->
</testng-results>
